/*C40*/SET SCHEMA PUBLIC
DROP TABLE IF EXISTS PESSOA
CREATE TABLE PESSOA  (ID INTEGER GENERATED BY DEFAULT AS IDENTITY  (START WITH 1, INCREMENT BY 1) NOT NULL, NOME varchar(255) NOT NULL, EMAIL varchar(255) NOT NULL, ENDERECO varchar(255) NOT NULL, CPF BIGINT NOT NULL, NASCIMENTO varchar(255) NOT NULL, TIPO varchar(255) NOT NULL, CARTEIRA_DE_TRABALHO BIGINT, SALARIO_FIXO DOUBLE, PRIMARY KEY (ID) )
DISCONNECT
/*C41*/SET SCHEMA PUBLIC
INSERT INTO PESSOA VALUES(1,'rafael','rafael@','rua1',123,'01/01/1991','VENDEDOR',123,10.1E0)
COMMIT
DISCONNECT
/*C42*/SET SCHEMA PUBLIC
DISCONNECT
/*C43*/SET SCHEMA PUBLIC
DROP TABLE IF EXISTS PESSOA
CREATE TABLE PESSOA  (ID INTEGER GENERATED BY DEFAULT AS IDENTITY  (START WITH 1, INCREMENT BY 1) NOT NULL, NOME varchar(255) NOT NULL, EMAIL varchar(255) NOT NULL, ENDERECO varchar(255) NOT NULL, CPF BIGINT NOT NULL, NASCIMENTO varchar(255) NOT NULL, TIPO varchar(255) NOT NULL, CARTEIRA_DE_TRABALHO BIGINT, SALARIO_FIXO DOUBLE, PRIMARY KEY (ID) )
DISCONNECT
/*C44*/SET SCHEMA PUBLIC
INSERT INTO PESSOA VALUES(1,'rafael','rafael@','rua1',123,'01/01/1991','GERENTE',123,10.1E0)
COMMIT
DISCONNECT
/*C45*/SET SCHEMA PUBLIC
DISCONNECT
/*C46*/SET SCHEMA PUBLIC
DROP TABLE IF EXISTS PESSOA
CREATE TABLE PESSOA  (ID INTEGER GENERATED BY DEFAULT AS IDENTITY  (START WITH 1, INCREMENT BY 1) NOT NULL, NOME varchar(255) NOT NULL, EMAIL varchar(255) NOT NULL, ENDERECO varchar(255) NOT NULL, CPF BIGINT NOT NULL, NASCIMENTO varchar(255) NOT NULL, TIPO varchar(255) NOT NULL, CARTEIRA_DE_TRABALHO BIGINT, SALARIO_FIXO DOUBLE, PRIMARY KEY (ID) )
DISCONNECT
/*C47*/SET SCHEMA PUBLIC
INSERT INTO PESSOA VALUES(1,'rafael','rafael@','rua1',123,'01/01/1991','CLIENTE',0,0.0E0)
COMMIT
DISCONNECT
/*C48*/SET SCHEMA PUBLIC
DISCONNECT
/*C49*/SET SCHEMA PUBLIC
DROP TABLE IF EXISTS PESSOA
CREATE TABLE PESSOA  (ID INTEGER GENERATED BY DEFAULT AS IDENTITY  (START WITH 1, INCREMENT BY 1) NOT NULL, NOME varchar(255) NOT NULL, EMAIL varchar(255) NOT NULL, ENDERECO varchar(255) NOT NULL, CPF BIGINT NOT NULL, NASCIMENTO varchar(255) NOT NULL, TIPO varchar(255) NOT NULL, CARTEIRA_DE_TRABALHO BIGINT, SALARIO_FIXO DOUBLE, PRIMARY KEY (ID) )
DISCONNECT
/*C50*/SET SCHEMA PUBLIC
INSERT INTO PESSOA VALUES(1,'rafael','rafael@','rua1',123,'01/01/1991','CLIENTE',0,0.0E0)
COMMIT
DISCONNECT
/*C51*/SET SCHEMA PUBLIC
DROP TABLE IF EXISTS PESSOA
CREATE TABLE PESSOA  (ID INTEGER GENERATED BY DEFAULT AS IDENTITY  (START WITH 1, INCREMENT BY 1) NOT NULL, NOME varchar(255) NOT NULL, EMAIL varchar(255) NOT NULL, ENDERECO varchar(255) NOT NULL, CPF BIGINT NOT NULL, NASCIMENTO varchar(255) NOT NULL, TIPO varchar(255) NOT NULL, CARTEIRA_DE_TRABALHO BIGINT, SALARIO_FIXO DOUBLE, PRIMARY KEY (ID) )
DISCONNECT
/*C52*/SET SCHEMA PUBLIC
INSERT INTO PESSOA VALUES(1,'rafael','rafael@','rua1',123,'01/01/1991','VENDEDOR',123,10.1E0)
COMMIT
DISCONNECT
/*C53*/SET SCHEMA PUBLIC
DROP TABLE IF EXISTS PESSOA
CREATE TABLE PESSOA  (ID INTEGER GENERATED BY DEFAULT AS IDENTITY  (START WITH 1, INCREMENT BY 1) NOT NULL, NOME varchar(255) NOT NULL, EMAIL varchar(255) NOT NULL, ENDERECO varchar(255) NOT NULL, CPF BIGINT NOT NULL, NASCIMENTO varchar(255) NOT NULL, TIPO varchar(255) NOT NULL, CARTEIRA_DE_TRABALHO BIGINT, SALARIO_FIXO DOUBLE, PRIMARY KEY (ID) )
DISCONNECT
/*C54*/SET SCHEMA PUBLIC
INSERT INTO PESSOA VALUES(1,'rafael','rafael@','rua1',123,'01/01/1991','GERENTE',123,10.1E0)
COMMIT
DISCONNECT
/*C55*/SET SCHEMA PUBLIC
DROP TABLE IF EXISTS PESSOA
CREATE TABLE PESSOA  (ID INTEGER GENERATED BY DEFAULT AS IDENTITY  (START WITH 1, INCREMENT BY 1) NOT NULL, NOME varchar(255) NOT NULL, EMAIL varchar(255) NOT NULL, ENDERECO varchar(255) NOT NULL, CPF BIGINT NOT NULL, NASCIMENTO varchar(255) NOT NULL, TIPO varchar(255) NOT NULL, CARTEIRA_DE_TRABALHO BIGINT, SALARIO_FIXO DOUBLE, PRIMARY KEY (ID) )
DISCONNECT
/*C56*/SET SCHEMA PUBLIC
INSERT INTO PESSOA VALUES(1,'rafael','rafael@','rua1',123,'01/01/1991','CLIENTE',0,0.0E0)
COMMIT
DISCONNECT
/*C57*/SET SCHEMA PUBLIC
DELETE FROM PESSOA WHERE ID=1
INSERT INTO PESSOA VALUES(1,'rafael','rafael@','rua2',321,'01/01/1991','CLIENTE',0,0.0E0)
COMMIT
DISCONNECT
/*C58*/SET SCHEMA PUBLIC
DISCONNECT
/*C59*/SET SCHEMA PUBLIC
DROP TABLE IF EXISTS PESSOA
CREATE TABLE PESSOA  (ID INTEGER GENERATED BY DEFAULT AS IDENTITY  (START WITH 1, INCREMENT BY 1) NOT NULL, NOME varchar(255) NOT NULL, EMAIL varchar(255) NOT NULL, ENDERECO varchar(255) NOT NULL, CPF BIGINT NOT NULL, NASCIMENTO varchar(255) NOT NULL, TIPO varchar(255) NOT NULL, CARTEIRA_DE_TRABALHO BIGINT, SALARIO_FIXO DOUBLE, PRIMARY KEY (ID) )
DISCONNECT
/*C60*/SET SCHEMA PUBLIC
INSERT INTO PESSOA VALUES(1,'rafael','rafael@','rua1',123,'01/01/1991','CLIENTE',0,0.0E0)
COMMIT
DISCONNECT
/*C61*/SET SCHEMA PUBLIC
INSERT INTO PESSOA VALUES(2,'rafael2','rafael2@','rua12',1232,'01/01/1992','GERENTE',0,0.0E0)
COMMIT
DISCONNECT
/*C62*/SET SCHEMA PUBLIC
DISCONNECT
/*C63*/SET SCHEMA PUBLIC
DROP TABLE IF EXISTS PESSOA
CREATE TABLE PESSOA  (ID INTEGER GENERATED BY DEFAULT AS IDENTITY  (START WITH 1, INCREMENT BY 1) NOT NULL, NOME varchar(255) NOT NULL, EMAIL varchar(255) NOT NULL, ENDERECO varchar(255) NOT NULL, CPF BIGINT NOT NULL, NASCIMENTO varchar(255) NOT NULL, TIPO varchar(255) NOT NULL, CARTEIRA_DE_TRABALHO BIGINT, SALARIO_FIXO DOUBLE, PRIMARY KEY (ID) )
DISCONNECT
/*C64*/SET SCHEMA PUBLIC
INSERT INTO PESSOA VALUES(1,'rafael','rafael@','rua1',123,'01/01/1991','CLIENTE',0,0.0E0)
COMMIT
DISCONNECT
/*C65*/SET SCHEMA PUBLIC
DELETE FROM PESSOA WHERE ID=1
COMMIT
DISCONNECT
/*C66*/SET SCHEMA PUBLIC
DISCONNECT
/*C67*/SET SCHEMA PUBLIC
DROP TABLE IF EXISTS PESSOA
CREATE TABLE PESSOA  (ID INTEGER GENERATED BY DEFAULT AS IDENTITY  (START WITH 1, INCREMENT BY 1) NOT NULL, NOME varchar(255) NOT NULL, EMAIL varchar(255) NOT NULL, ENDERECO varchar(255) NOT NULL, CPF BIGINT NOT NULL, NASCIMENTO varchar(255) NOT NULL, TIPO varchar(255) NOT NULL, CARTEIRA_DE_TRABALHO BIGINT, SALARIO_FIXO DOUBLE, PRIMARY KEY (ID) )
DISCONNECT
/*C68*/SET SCHEMA PUBLIC
INSERT INTO PESSOA VALUES(1,'Paulo','vendedor@','rua1',123,'01/01/01','VENDEDOR',123,1000.0E0)
COMMIT
DISCONNECT
/*C69*/SET SCHEMA PUBLIC
DISCONNECT
/*C70*/SET SCHEMA PUBLIC
DROP TABLE IF EXISTS PESSOA
CREATE TABLE PESSOA  (ID INTEGER GENERATED BY DEFAULT AS IDENTITY  (START WITH 1, INCREMENT BY 1) NOT NULL, NOME varchar(255) NOT NULL, EMAIL varchar(255) NOT NULL, ENDERECO varchar(255) NOT NULL, CPF BIGINT NOT NULL, NASCIMENTO varchar(255) NOT NULL, TIPO varchar(255) NOT NULL, CARTEIRA_DE_TRABALHO BIGINT, SALARIO_FIXO DOUBLE, PRIMARY KEY (ID) )
DISCONNECT
/*C71*/SET SCHEMA PUBLIC
INSERT INTO PESSOA VALUES(1,'Paulo','vendedor@','rua1',123,'01/01/01','VENDEDOR',123,1000.0E0)
COMMIT
DISCONNECT
/*C72*/SET SCHEMA PUBLIC
DISCONNECT
/*C73*/SET SCHEMA PUBLIC
DROP TABLE IF EXISTS PESSOA
CREATE TABLE PESSOA  (ID INTEGER GENERATED BY DEFAULT AS IDENTITY  (START WITH 1, INCREMENT BY 1) NOT NULL, NOME varchar(255) NOT NULL, EMAIL varchar(255) NOT NULL, ENDERECO varchar(255) NOT NULL, CPF BIGINT NOT NULL, NASCIMENTO varchar(255) NOT NULL, TIPO varchar(255) NOT NULL, CARTEIRA_DE_TRABALHO BIGINT, SALARIO_FIXO DOUBLE, PRIMARY KEY (ID) )
DISCONNECT
/*C74*/SET SCHEMA PUBLIC
INSERT INTO PESSOA VALUES(1,'Paulo','vendedor@','rua1',123,'01/01/01','VENDEDOR',123,1000.0E0)
COMMIT
DISCONNECT
/*C75*/SET SCHEMA PUBLIC
DROP TABLE IF EXISTS PESSOA
CREATE TABLE PESSOA  (ID INTEGER GENERATED BY DEFAULT AS IDENTITY  (START WITH 1, INCREMENT BY 1) NOT NULL, NOME varchar(255) NOT NULL, EMAIL varchar(255) NOT NULL, ENDERECO varchar(255) NOT NULL, CPF BIGINT NOT NULL, NASCIMENTO varchar(255) NOT NULL, TIPO varchar(255) NOT NULL, CARTEIRA_DE_TRABALHO BIGINT, SALARIO_FIXO DOUBLE, PRIMARY KEY (ID) )
DISCONNECT
/*C76*/SET SCHEMA PUBLIC
INSERT INTO PESSOA VALUES(1,'Paulo','vendedor@','rua1',123,'01/01/01','VENDEDOR',123,1000.0E0)
COMMIT
DISCONNECT
/*C77*/SET SCHEMA PUBLIC
DISCONNECT
/*C78*/SET SCHEMA PUBLIC
DROP TABLE IF EXISTS PESSOA
CREATE TABLE PESSOA  (ID INTEGER GENERATED BY DEFAULT AS IDENTITY  (START WITH 1, INCREMENT BY 1) NOT NULL, NOME varchar(255) NOT NULL, EMAIL varchar(255) NOT NULL, ENDERECO varchar(255) NOT NULL, CPF BIGINT NOT NULL, NASCIMENTO varchar(255) NOT NULL, TIPO varchar(255) NOT NULL, CARTEIRA_DE_TRABALHO BIGINT, SALARIO_FIXO DOUBLE, PRIMARY KEY (ID) )
DISCONNECT
/*C79*/SET SCHEMA PUBLIC
INSERT INTO PESSOA VALUES(1,'Paulo','vendedor@','rua1',123,'01/01/01','VENDEDOR',123,1000.0E0)
COMMIT
DISCONNECT
/*C80*/SET SCHEMA PUBLIC
DISCONNECT
